0 verbose cli /home/geet/.config/zed/node/node-v18.15.0-linux-x64/bin/node /home/geet/.config/zed/node/node-v18.15.0-linux-x64/bin/npm
1 info using npm@9.5.0
2 info using node@v18.15.0
3 timing npm:load:whichnode Completed in 1ms
4 timing config:load:defaults Completed in 1ms
5 timing config:load:file:/home/geet/.config/zed/node/node-v18.15.0-linux-x64/lib/node_modules/npm/npmrc Completed in 0ms
6 timing config:load:builtin Completed in 0ms
7 timing config:load:cli Completed in 1ms
8 timing config:load:env Completed in 0ms
9 timing config:load:file:/home/geet/zed/.npmrc Completed in 0ms
10 timing config:load:project Completed in 1ms
11 timing config:load:file:/home/geet/.config/zed/node/node-v18.15.0-linux-x64/blank_user_npmrc Completed in 0ms
12 timing config:load:user Completed in 0ms
13 timing config:load:file:/home/geet/.config/zed/node/node-v18.15.0-linux-x64/blank_global_npmrc Completed in 1ms
14 timing config:load:global Completed in 1ms
15 timing config:load:setEnvs Completed in 0ms
16 timing config:load Completed in 4ms
17 timing npm:load:configload Completed in 4ms
18 timing npm:load:mkdirpcache Completed in 0ms
19 timing npm:load:mkdirplogs Completed in 0ms
20 verbose title npm info pyright
21 verbose argv "info" "--cache" "/home/geet/.config/zed/node/node-v18.15.0-linux-x64/cache" "--userconfig" "/home/geet/.config/zed/node/node-v18.15.0-linux-x64/blank_user_npmrc" "--globalconfig" "/home/geet/.config/zed/node/node-v18.15.0-linux-x64/blank_global_npmrc" "pyright" "--json" "--fetch-retry-mintimeout" "2000" "--fetch-retry-maxtimeout" "5000" "--fetch-timeout" "5000"
22 timing npm:load:setTitle Completed in 1ms
23 timing config:load:flatten Completed in 1ms
24 timing npm:load:display Completed in 1ms
25 verbose logfile logs-max:10 dir:/home/geet/.config/zed/node/node-v18.15.0-linux-x64/cache/_logs/2024-03-12T14_57_52_146Z-
26 verbose logfile /home/geet/.config/zed/node/node-v18.15.0-linux-x64/cache/_logs/2024-03-12T14_57_52_146Z-debug-0.log
27 timing npm:load:logFile Completed in 2ms
28 timing npm:load:timers Completed in 0ms
29 timing npm:load:configScope Completed in 0ms
30 timing npm:load Completed in 9ms
31 silly logfile start cleaning logs, removing 4 files
32 silly logfile done cleaning log files
33 http fetch GET 200 https://registry.npmjs.org/pyright 106ms (cache revalidated)
34 silly view {
34 silly view   '1.1.353': {
34 silly view     _id: 'pyright@1.1.353',
34 silly view     _rev: '440-7c482821ee8e4fd82bf4a0b84903005b',
34 silly view     name: 'pyright',
34 silly view     'dist-tags': { latest: '1.1.353' },
34 silly view     versions: [
34 silly view       '1.0.1',  '1.0.2',  '1.0.3',  '1.0.4',  '1.0.5',  '1.0.6',
34 silly view       '1.0.7',  '1.0.8',  '1.0.9',  '1.0.11', '1.0.12', '1.0.13',
34 silly view       '1.0.14', '1.0.15', '1.0.16', '1.0.17', '1.0.18', '1.0.19',
34 silly view       '1.0.20', '1.0.21', '1.0.22', '1.0.23', '1.0.24', '1.0.25',
34 silly view       '1.0.26', '1.0.27', '1.0.28', '1.0.29', '1.0.30', '1.0.31',
34 silly view       '1.0.32', '1.0.33', '1.0.34', '1.0.35', '1.0.36', '1.0.37',
34 silly view       '1.0.38', '1.0.39', '1.0.40', '1.0.41', '1.0.42', '1.0.43',
34 silly view       '1.0.44', '1.0.45', '1.0.46', '1.0.47', '1.0.48', '1.0.49',
34 silly view       '1.0.50', '1.0.51', '1.0.52', '1.0.53', '1.0.54', '1.0.55',
34 silly view       '1.0.56', '1.0.57', '1.0.58', '1.0.59', '1.0.60', '1.0.61',
34 silly view       '1.0.62', '1.0.63', '1.0.64', '1.0.65', '1.0.66', '1.0.67',
34 silly view       '1.0.68', '1.0.69', '1.0.70', '1.0.71', '1.0.72', '1.0.73',
34 silly view       '1.0.74', '1.0.75', '1.0.76', '1.0.77', '1.0.78', '1.0.79',
34 silly view       '1.0.80', '1.0.81', '1.0.82', '1.0.83', '1.0.84', '1.1.0',
34 silly view       '1.1.1',  '1.1.2',  '1.1.3',  '1.1.4',  '1.1.5',  '1.1.6',
34 silly view       '1.1.7',  '1.1.8',  '1.1.9',  '1.1.10', '1.1.11', '1.1.12',
34 silly view       '1.1.13', '1.1.14', '1.1.15', '1.1.16',
34 silly view       ... 337 more items
34 silly view     ],
34 silly view     time: {
34 silly view       created: '2019-03-24T10:00:12.692Z',
34 silly view       '1.0.1': '2019-03-24T10:00:12.879Z',
34 silly view       modified: '2024-03-08T04:17:07.434Z',
34 silly view       '1.0.2': '2019-03-24T10:07:24.277Z',
34 silly view       '1.0.3': '2019-03-24T10:32:13.327Z',
34 silly view       '1.0.4': '2019-03-27T06:57:49.059Z',
34 silly view       '1.0.5': '2019-03-29T06:29:37.166Z',
34 silly view       '1.0.6': '2019-03-31T02:54:17.654Z',
34 silly view       '1.0.7': '2019-04-01T01:32:55.033Z',
34 silly view       '1.0.8': '2019-04-02T02:27:51.476Z',
34 silly view       '1.0.9': '2019-04-06T21:33:07.809Z',
34 silly view       '1.0.11': '2019-04-12T01:59:38.704Z',
34 silly view       '1.0.12': '2019-04-13T08:31:49.418Z',
34 silly view       '1.0.13': '2019-04-15T00:46:50.081Z',
34 silly view       '1.0.14': '2019-04-17T02:49:51.783Z',
34 silly view       '1.0.15': '2019-04-20T06:35:17.691Z',
34 silly view       '1.0.16': '2019-04-21T19:13:26.149Z',
34 silly view       '1.0.17': '2019-04-25T05:31:42.477Z',
34 silly view       '1.0.18': '2019-04-27T06:39:08.231Z',
34 silly view       '1.0.19': '2019-04-28T02:11:41.548Z',
34 silly view       '1.0.20': '2019-04-30T17:45:46.728Z',
34 silly view       '1.0.21': '2019-05-02T01:46:01.745Z',
34 silly view       '1.0.22': '2019-05-02T04:03:37.353Z',
34 silly view       '1.0.23': '2019-05-04T07:50:37.120Z',
34 silly view       '1.0.24': '2019-05-05T19:42:53.258Z',
34 silly view       '1.0.25': '2019-05-09T07:14:55.255Z',
34 silly view       '1.0.26': '2019-05-11T06:16:52.912Z',
34 silly view       '1.0.27': '2019-05-12T04:09:59.912Z',
34 silly view       '1.0.28': '2019-05-17T03:31:01.163Z',
34 silly view       '1.0.29': '2019-05-18T08:05:33.419Z',
34 silly view       '1.0.30': '2019-05-21T05:01:48.140Z',
34 silly view       '1.0.31': '2019-05-21T17:22:23.446Z',
34 silly view       '1.0.32': '2019-05-23T01:05:00.711Z',
34 silly view       '1.0.33': '2019-05-24T23:28:39.122Z',
34 silly view       '1.0.34': '2019-05-28T02:21:04.874Z',
34 silly view       '1.0.35': '2019-05-29T01:33:07.419Z',
34 silly view       '1.0.36': '2019-05-31T00:21:40.877Z',
34 silly view       '1.0.37': '2019-06-04T21:34:12.060Z',
34 silly view       '1.0.38': '2019-06-10T06:16:06.808Z',
34 silly view       '1.0.39': '2019-06-17T22:57:09.124Z',
34 silly view       '1.0.40': '2019-06-18T22:15:53.345Z',
34 silly view       '1.0.41': '2019-06-24T17:54:24.934Z',
34 silly view       '1.0.42': '2019-06-30T01:09:45.946Z',
34 silly view       '1.0.43': '2019-07-05T18:28:35.629Z',
34 silly view       '1.0.44': '2019-07-11T07:48:24.862Z',
34 silly view       '1.0.45': '2019-07-18T03:53:40.678Z',
34 silly view       '1.0.46': '2019-07-18T14:40:49.025Z',
34 silly view       '1.0.47': '2019-07-19T17:50:19.426Z',
34 silly view       '1.0.48': '2019-07-21T23:19:24.602Z',
34 silly view       '1.0.49': '2019-07-24T17:47:45.012Z',
34 silly view       '1.0.50': '2019-07-29T01:20:05.969Z',
34 silly view       '1.0.51': '2019-08-04T06:19:10.780Z',
34 silly view       '1.0.52': '2019-08-05T03:25:37.219Z',
34 silly view       '1.0.53': '2019-08-08T08:04:00.238Z',
34 silly view       '1.0.54': '2019-08-09T06:21:26.249Z',
34 silly view       '1.0.55': '2019-08-10T08:11:04.000Z',
34 silly view       '1.0.56': '2019-08-17T05:55:50.582Z',
34 silly view       '1.0.57': '2019-08-23T13:36:50.250Z',
34 silly view       '1.0.58': '2019-09-05T00:30:10.032Z',
34 silly view       '1.0.59': '2019-09-06T16:57:23.007Z',
34 silly view       '1.0.60': '2019-09-11T04:15:01.266Z',
34 silly view       '1.0.61': '2019-09-12T05:43:00.653Z',
34 silly view       '1.0.62': '2019-09-15T23:06:05.147Z',
34 silly view       '1.0.63': '2019-09-18T07:09:00.027Z',
34 silly view       '1.0.64': '2019-09-22T19:29:59.959Z',
34 silly view       '1.0.65': '2019-09-24T05:29:41.861Z',
34 silly view       '1.0.66': '2019-09-26T08:08:07.372Z',
34 silly view       '1.0.67': '2019-09-29T03:17:00.085Z',
34 silly view       '1.0.68': '2019-10-03T07:17:46.152Z',
34 silly view       '1.0.69': '2019-10-03T17:40:22.342Z',
34 silly view       '1.0.70': '2019-10-05T16:30:05.443Z',
34 silly view       '1.0.71': '2019-10-06T06:14:31.674Z',
34 silly view       '1.0.72': '2019-10-12T03:03:21.123Z',
34 silly view       '1.0.73': '2019-10-15T01:47:37.978Z',
34 silly view       '1.0.74': '2019-10-15T22:07:38.032Z',
34 silly view       '1.0.75': '2019-10-18T16:39:36.834Z',
34 silly view       '1.0.76': '2019-10-19T23:40:39.095Z',
34 silly view       '1.0.77': '2019-10-20T16:44:07.621Z',
34 silly view       '1.0.78': '2019-10-21T00:02:21.311Z',
34 silly view       '1.0.79': '2019-10-22T00:39:16.001Z',
34 silly view       '1.0.80': '2019-10-23T16:54:16.972Z',
34 silly view       '1.0.81': '2019-10-25T16:08:49.349Z',
34 silly view       '1.0.82': '2019-11-01T06:08:54.510Z',
34 silly view       '1.0.83': '2019-11-05T08:44:50.473Z',
34 silly view       '1.0.84': '2019-11-08T00:48:57.811Z',
34 silly view       '1.1.0': '2019-11-17T08:39:00.927Z',
34 silly view       '1.1.1': '2019-11-18T06:18:57.208Z',
34 silly view       '1.1.2': '2019-11-20T07:17:44.302Z',
34 silly view       '1.1.3': '2019-11-22T04:49:24.174Z',
34 silly view       '1.1.4': '2019-11-23T20:53:53.306Z',
34 silly view       '1.1.5': '2019-11-25T01:49:13.377Z',
34 silly view       '1.1.6': '2019-11-27T06:57:43.039Z',
34 silly view       '1.1.7': '2019-11-30T08:16:34.406Z',
34 silly view       '1.1.8': '2019-12-04T18:29:58.619Z',
34 silly view       '1.1.9': '2019-12-09T06:10:45.639Z',
34 silly view       '1.1.10': '2019-12-14T06:13:08.518Z',
34 silly view       '1.1.11': '2019-12-19T01:44:19.029Z',
34 silly view       '1.1.12': '2019-12-21T13:23:49.646Z',
34 silly view       '1.1.13': '2019-12-22T18:53:17.130Z',
34 silly view       '1.1.14': '2019-12-24T23:57:37.767Z',
34 silly view       '1.1.15': '2019-12-26T21:34:57.881Z',
34 silly view       '1.1.16': '2019-12-28T06:17:12.146Z',
34 silly view       '1.1.17': '2020-01-02T22:51:48.525Z',
34 silly view       '1.1.18': '2020-01-07T05:28:22.047Z',
34 silly view       '1.1.19': '2020-01-10T00:28:18.073Z',
34 silly view       '1.1.20': '2020-01-13T03:54:40.196Z',
34 silly view       '1.1.21': '2020-01-21T00:09:50.281Z',
34 silly view       '1.1.22': '2020-02-15T21:05:32.979Z',
34 silly view       '1.1.23': '2020-02-19T04:06:16.344Z',
34 silly view       '1.1.24': '2020-02-19T20:07:18.564Z',
34 silly view       '1.1.25': '2020-02-21T22:48:46.991Z',
34 silly view       '1.1.26': '2020-03-08T08:03:40.805Z',
34 silly view       '1.1.27': '2020-03-12T03:03:32.779Z',
34 silly view       '1.1.28': '2020-03-18T04:43:31.748Z',
34 silly view       '1.1.29': '2020-03-24T04:51:40.248Z',
34 silly view       '1.1.30': '2020-03-30T05:06:34.740Z',
34 silly view       '1.1.31': '2020-04-10T05:08:55.723Z',
34 silly view       '1.1.32': '2020-04-15T17:41:23.125Z',
34 silly view       '1.1.33': '2020-04-20T03:02:03.112Z',
34 silly view       '1.1.34': '2020-04-22T15:26:36.549Z',
34 silly view       '1.1.35': '2020-05-02T20:01:52.981Z',
34 silly view       '1.1.36': '2020-05-09T23:25:07.742Z',
34 silly view       '1.1.37': '2020-05-16T16:48:19.792Z',
34 silly view       '1.1.38': '2020-05-23T00:57:30.893Z',
34 silly view       '1.1.39': '2020-05-24T05:22:01.029Z',
34 silly view       '1.1.40': '2020-05-30T01:34:44.957Z',
34 silly view       '1.1.41': '2020-06-06T07:50:41.354Z',
34 silly view       '1.1.42': '2020-06-13T08:37:11.226Z',
34 silly view       '1.1.43': '2020-06-17T05:43:22.428Z',
34 silly view       '1.1.44': '2020-06-20T21:39:00.072Z',
34 silly view       '1.1.45': '2020-06-23T06:09:04.938Z',
34 silly view       '1.1.46': '2020-06-26T02:54:01.239Z',
34 silly view       '1.1.47': '2020-06-27T03:50:28.657Z',
34 silly view       '1.1.48': '2020-07-01T08:49:48.592Z',
34 silly view       '1.1.49': '2020-07-04T15:15:26.786Z',
34 silly view       '1.1.50': '2020-07-06T02:25:06.459Z',
34 silly view       '1.1.51': '2020-07-07T21:53:49.879Z',
34 silly view       '1.1.52': '2020-07-13T05:52:19.900Z',
34 silly view       '1.1.53': '2020-07-15T20:15:01.345Z',
34 silly view       '1.1.54': '2020-07-19T18:26:52.558Z',
34 silly view       '1.1.55': '2020-07-22T02:00:35.907Z',
34 silly view       '1.1.56': '2020-07-25T01:19:35.781Z',
34 silly view       '1.1.57': '2020-07-26T18:27:28.672Z',
34 silly view       '1.1.58': '2020-07-28T22:30:28.916Z',
34 silly view       '1.1.59': '2020-08-01T16:19:37.118Z',
34 silly view       '1.1.60': '2020-08-05T23:11:26.984Z',
34 silly view       '1.1.61': '2020-08-08T07:00:24.435Z',
34 silly view       '1.1.62': '2020-08-11T02:37:13.173Z',
34 silly view       '1.1.63': '2020-08-15T05:48:41.393Z',
34 silly view       '1.1.64': '2020-08-19T03:45:07.982Z',
34 silly view       '1.1.65': '2020-08-26T06:22:58.471Z',
34 silly view       '1.1.66': '2020-09-03T06:29:39.664Z',
34 silly view       '1.1.67': '2020-09-06T03:12:20.415Z',
34 silly view       '1.1.68': '2020-09-06T07:19:48.421Z',
34 silly view       '1.1.69': '2020-09-08T05:11:54.069Z',
34 silly view       '1.1.70': '2020-09-10T18:53:31.544Z',
34 silly view       '1.1.71': '2020-09-13T22:12:25.409Z',
34 silly view       '1.1.72': '2020-09-16T13:24:29.884Z',
34 silly view       '1.1.73': '2020-09-19T03:59:35.880Z',
34 silly view       '1.1.74': '2020-09-23T05:38:40.142Z',
34 silly view       '1.1.75': '2020-09-28T23:38:15.634Z',
34 silly view       '1.1.76': '2020-10-03T01:17:44.144Z',
34 silly view       '1.1.77': '2020-10-05T16:09:59.204Z',
34 silly view       '1.1.78': '2020-10-07T00:27:40.120Z',
34 silly view       '1.1.79': '2020-10-14T02:16:16.051Z',
34 silly view       '1.1.80': '2020-10-20T01:31:19.682Z',
34 silly view       '1.1.81': '2020-10-21T17:24:50.934Z',
34 silly view       '1.1.82': '2020-10-27T21:57:10.109Z',
34 silly view       '1.1.83': '2020-11-04T01:44:12.927Z',
34 silly view       '1.1.84': '2020-11-08T21:23:37.041Z',
34 silly view       '1.1.85': '2020-11-11T19:14:45.259Z',
34 silly view       '1.1.86': '2020-11-17T01:21:31.703Z',
34 silly view       '1.1.87': '2020-11-20T03:45:28.854Z',
34 silly view       '1.1.88': '2020-11-25T21:26:48.305Z',
34 silly view       '1.1.89': '2020-11-28T23:51:21.719Z',
34 silly view       '1.1.90': '2020-12-01T00:26:47.436Z',
34 silly view       '1.1.91': '2020-12-02T20:17:06.822Z',
34 silly view       '1.1.92': '2020-12-04T20:15:21.248Z',
34 silly view       '1.1.93': '2020-12-07T01:23:58.154Z',
34 silly view       '1.1.94': '2020-12-09T20:43:21.414Z',
34 silly view       '1.1.95': '2020-12-13T20:40:00.878Z',
34 silly view       '1.1.96': '2020-12-23T07:25:48.353Z',
34 silly view       '1.1.97': '2020-12-26T23:17:31.053Z',
34 silly view       '1.1.98': '2020-12-30T19:08:10.450Z',
34 silly view       '1.1.99': '2021-01-03T20:06:37.500Z',
34 silly view       '1.1.100': '2021-01-11T03:32:29.170Z',
34 silly view       '1.1.101': '2021-01-11T16:47:07.310Z',
34 silly view       '1.1.102': '2021-01-17T23:46:36.673Z',
34 silly view       '1.1.103': '2021-01-19T18:41:23.122Z',
34 silly view       '1.1.104': '2021-01-23T02:04:29.176Z',
34 silly view       '1.1.105': '2021-01-25T05:10:56.671Z',
34 silly view       '1.1.106': '2021-01-27T19:32:46.057Z',
34 silly view       '1.1.107': '2021-01-31T00:40:55.536Z',
34 silly view       '1.1.108': '2021-02-02T04:47:00.217Z',
34 silly view       '1.1.109': '2021-02-08T00:02:48.075Z',
34 silly view       '1.1.110': '2021-02-14T08:41:13.408Z',
34 silly view       '1.1.111': '2021-02-16T00:47:23.168Z',
34 silly view       '1.1.112': '2021-02-17T07:59:04.178Z',
34 silly view       '1.1.113': '2021-02-19T22:59:41.671Z',
34 silly view       '1.1.114': '2021-02-23T20:24:03.315Z',
34 silly view       '1.1.115': '2021-02-25T02:36:17.079Z',
34 silly view       '1.1.116': '2021-03-01T07:18:08.399Z',
34 silly view       '1.1.117': '2021-03-02T20:54:56.287Z',
34 silly view       '1.1.118': '2021-03-05T17:42:38.185Z',
34 silly view       '1.1.119': '2021-03-09T06:20:29.679Z',
34 silly view       '1.1.120': '2021-03-10T06:17:56.298Z',
34 silly view       '1.1.121': '2021-03-13T18:06:16.436Z',
34 silly view       '1.1.122': '2021-03-17T03:17:06.161Z',
34 silly view       '1.1.123': '2021-03-19T05:48:18.678Z',
34 silly view       '1.1.124': '2021-03-23T06:32:54.851Z',
34 silly view       '1.1.125': '2021-03-24T22:22:17.172Z',
34 silly view       '1.1.126': '2021-03-27T04:21:17.826Z',
34 silly view       '1.1.127': '2021-03-31T20:02:11.152Z',
34 silly view       '1.1.128': '2021-04-03T04:05:39.409Z',
34 silly view       '1.1.129': '2021-04-07T00:00:17.053Z',
34 silly view       '1.1.130': '2021-04-10T04:52:10.325Z',
34 silly view       '1.1.131': '2021-04-17T01:55:46.989Z',
34 silly view       '1.1.132': '2021-04-17T03:48:18.398Z',
34 silly view       '1.1.133': '2021-04-21T05:07:54.531Z',
34 silly view       '1.1.134': '2021-04-24T05:43:49.183Z',
34 silly view       '1.1.135': '2021-04-26T06:48:24.231Z',
34 silly view       '1.1.136': '2021-04-29T00:26:22.183Z',
34 silly view       '1.1.137': '2021-05-04T23:09:10.318Z',
34 silly view       '1.1.138': '2021-05-06T21:39:26.773Z',
34 silly view       '1.1.139': '2021-05-15T04:58:09.284Z',
34 silly view       '1.1.140': '2021-05-16T22:41:38.367Z',
34 silly view       '1.1.141': '2021-05-19T20:08:08.093Z',
34 silly view       '1.1.142': '2021-05-21T16:06:32.176Z',
34 silly view       '1.1.143': '2021-05-24T17:50:43.127Z',
34 silly view       '1.1.144': '2021-05-26T22:05:30.912Z',
34 silly view       '1.1.145': '2021-05-30T18:00:43.633Z',
34 silly view       '1.1.146': '2021-06-02T19:59:01.972Z',
34 silly view       '1.1.147': '2021-06-05T00:19:01.348Z',
34 silly view       '1.1.148': '2021-06-09T18:02:03.511Z',
34 silly view       '1.1.149': '2021-06-14T19:58:55.439Z',
34 silly view       '1.1.150': '2021-06-17T07:01:16.138Z',
34 silly view       '1.1.151': '2021-06-20T15:13:30.313Z',
34 silly view       '1.1.152': '2021-06-23T16:49:37.500Z',
34 silly view       '1.1.153': '2021-06-26T01:09:13.644Z',
34 silly view       '1.1.154': '2021-07-01T01:16:49.774Z',
34 silly view       '1.1.155': '2021-07-03T16:34:39.084Z',
34 silly view       '1.1.156': '2021-07-11T04:47:06.548Z',
34 silly view       '1.1.157': '2021-07-16T17:21:30.100Z',
34 silly view       '1.1.158': '2021-07-25T02:45:43.104Z',
34 silly view       '1.1.159': '2021-07-31T05:35:35.550Z',
34 silly view       '1.1.160': '2021-08-06T06:18:09.067Z',
34 silly view       '1.1.161': '2021-08-10T03:30:33.362Z',
34 silly view       '1.1.162': '2021-08-13T21:48:15.085Z',
34 silly view       '1.1.163': '2021-08-21T05:23:32.579Z',
34 silly view       '1.1.164': '2021-08-28T23:40:47.930Z',
34 silly view       '1.1.165': '2021-09-01T00:24:10.691Z',
34 silly view       '1.1.166': '2021-09-06T01:43:31.800Z',
34 silly view       '1.1.167': '2021-09-11T18:57:06.062Z',
34 silly view       '1.1.168': '2021-09-14T04:42:38.026Z',
34 silly view       '1.1.169': '2021-09-16T05:11:23.696Z',
34 silly view       '1.1.170': '2021-09-21T05:31:18.873Z',
34 silly view       '1.1.171': '2021-09-25T04:06:06.042Z',
34 silly view       '1.1.172': '2021-09-29T02:41:31.141Z',
34 silly view       '1.1.173': '2021-10-01T23:31:31.368Z',
34 silly view       '1.1.174': '2021-10-04T04:51:45.801Z',
34 silly view       '1.1.175': '2021-10-04T21:52:25.321Z',
34 silly view       '1.1.176': '2021-10-07T06:49:51.866Z',
34 silly view       '1.1.177': '2021-10-09T04:34:42.306Z',
34 silly view       '1.1.178': '2021-10-13T00:38:12.448Z',
34 silly view       '1.1.179': '2021-10-16T03:56:30.146Z',
34 silly view       '1.1.180': '2021-10-20T05:51:19.700Z',
34 silly view       '1.1.181': '2021-10-23T06:23:15.359Z',
34 silly view       '1.1.182': '2021-10-27T04:03:22.757Z',
34 silly view       '1.1.183': '2021-10-30T04:26:39.491Z',
34 silly view       '1.1.184': '2021-11-01T03:55:50.398Z',
34 silly view       '1.1.185': '2021-11-06T02:26:05.925Z',
34 silly view       '1.1.186': '2021-11-09T04:46:37.871Z',
34 silly view       '1.1.187': '2021-11-13T00:56:06.176Z',
34 silly view       '1.1.188': '2021-11-18T06:42:00.748Z',
34 silly view       '1.1.189': '2021-11-22T07:14:37.995Z',
34 silly view       '1.1.190': '2021-11-25T02:44:30.476Z',
34 silly view       '1.1.191': '2021-11-30T06:32:11.500Z',
34 silly view       '1.1.192': '2021-12-03T02:22:12.972Z',
34 silly view       '1.1.193': '2021-12-06T08:24:49.702Z',
34 silly view       '1.1.194': '2021-12-09T06:39:18.939Z',
34 silly view       '1.1.195': '2021-12-11T07:17:44.496Z',
34 silly view       '1.1.196': '2021-12-15T05:39:49.575Z',
34 silly view       '1.1.197': '2021-12-17T07:18:52.223Z',
34 silly view       '1.1.198': '2021-12-20T20:01:21.210Z',
34 silly view       '1.1.199': '2021-12-22T10:06:12.691Z',
34 silly view       '1.1.200': '2021-12-25T00:26:29.842Z',
34 silly view       '1.1.201': '2021-12-28T21:23:42.735Z',
34 silly view       '1.1.202': '2021-12-30T01:34:59.180Z',
34 silly view       '1.1.203': '2022-01-01T20:52:57.583Z',
34 silly view       '1.1.204': '2022-01-05T17:41:39.367Z',
34 silly view       '1.1.205': '2022-01-07T16:53:38.275Z',
34 silly view       '1.1.206': '2022-01-09T22:19:44.942Z',
34 silly view       '1.1.207': '2022-01-12T20:03:31.197Z',
34 silly view       '1.1.208': '2022-01-12T22:11:28.133Z',
34 silly view       '1.1.209': '2022-01-15T00:17:18.711Z',
34 silly view       '1.1.210': '2022-01-16T17:52:16.148Z',
34 silly view       '1.1.211': '2022-01-18T08:05:16.151Z',
34 silly view       '1.1.212': '2022-01-19T20:46:03.326Z',
34 silly view       '1.1.213': '2022-01-23T01:55:11.175Z',
34 silly view       '1.1.214': '2022-01-23T03:05:00.387Z',
34 silly view       '1.1.215': '2022-01-26T05:32:47.996Z',
34 silly view       '1.1.216': '2022-01-28T07:42:56.137Z',
34 silly view       '1.1.217': '2022-02-01T04:55:29.431Z',
34 silly view       '1.1.218': '2022-02-05T03:51:28.647Z',
34 silly view       '1.1.219': '2022-02-07T08:21:10.151Z',
34 silly view       '1.1.220': '2022-02-09T09:18:32.865Z',
34 silly view       '1.1.221': '2022-02-12T07:49:31.237Z',
34 silly view       '1.1.222': '2022-02-16T03:40:19.881Z',
34 silly view       '1.1.223': '2022-02-20T22:21:25.986Z',
34 silly view       '1.1.224': '2022-02-23T06:47:26.557Z',
34 silly view       '1.1.225': '2022-02-26T15:30:24.734Z',
34 silly view       '1.1.226': '2022-03-02T07:00:29.061Z',
34 silly view       '1.1.227': '2022-03-05T02:33:20.363Z',
34 silly view       '1.1.228': '2022-03-09T06:11:56.874Z',
34 silly view       '1.1.229': '2022-03-12T04:46:51.215Z',
34 silly view       '1.1.230': '2022-03-16T07:41:39.735Z',
34 silly view       '1.1.231': '2022-03-19T06:18:33.483Z',
34 silly view       '1.1.232': '2022-03-23T06:02:24.221Z',
34 silly view       '1.1.233': '2022-03-27T16:44:34.870Z',
34 silly view       '1.1.234': '2022-03-30T05:39:29.070Z',
34 silly view       '1.1.235': '2022-04-04T04:21:34.688Z',
34 silly view       '1.1.236': '2022-04-10T21:52:24.885Z',
34 silly view       '1.1.237': '2022-04-13T04:33:08.004Z',
34 silly view       '1.1.238': '2022-04-16T05:47:27.515Z',
34 silly view       '1.1.239': '2022-04-20T05:24:35.870Z',
34 silly view       '1.1.240': '2022-04-27T03:07:51.170Z',
34 silly view       '1.1.241': '2022-04-27T21:26:21.483Z',
34 silly view       '1.1.242': '2022-04-30T17:23:44.956Z',
34 silly view       '1.1.243': '2022-05-02T02:39:05.262Z',
34 silly view       '1.1.244': '2022-05-04T06:52:30.651Z',
34 silly view       '1.1.245': '2022-05-07T08:13:46.294Z',
34 silly view       '1.1.246': '2022-05-11T04:46:14.784Z',
34 silly view       '1.1.247': '2022-05-14T19:33:14.889Z',
34 silly view       '1.1.248': '2022-05-21T17:48:22.599Z',
34 silly view       '1.1.249': '2022-05-25T05:27:07.604Z',
34 silly view       '1.1.250': '2022-05-28T23:20:31.163Z',
34 silly view       '1.1.251': '2022-06-01T06:06:30.405Z',
34 silly view       '1.1.252': '2022-06-04T23:48:06.085Z',
34 silly view       '1.1.253': '2022-06-08T08:18:56.194Z',
34 silly view       '1.1.254': '2022-06-12T03:58:04.279Z',
34 silly view       '1.1.255': '2022-06-20T08:14:08.001Z',
34 silly view       '1.1.256': '2022-06-28T06:44:10.170Z',
34 silly view       '1.1.257': '2022-07-03T02:07:16.560Z',
34 silly view       '1.1.258': '2022-07-09T06:15:15.023Z',
34 silly view       '1.1.259': '2022-07-13T06:14:03.625Z',
34 silly view       '1.1.260': '2022-07-13T15:58:18.384Z',
34 silly view       '1.1.261': '2022-07-16T15:38:38.216Z',
34 silly view       '1.1.262': '2022-07-20T14:20:23.330Z',
34 silly view       '1.1.263': '2022-07-23T04:01:52.917Z',
34 silly view       '1.1.264': '2022-07-27T00:56:00.512Z',
34 silly view       '1.1.265': '2022-08-03T03:03:55.590Z',
34 silly view       '1.1.266': '2022-08-08T05:56:34.131Z',
34 silly view       '1.1.267': '2022-08-17T01:39:16.320Z',
34 silly view       '1.1.268': '2022-08-24T04:27:57.309Z',
34 silly view       '1.1.269': '2022-08-31T00:34:51.412Z',
34 silly view       '1.1.270': '2022-09-07T01:07:00.846Z',
34 silly view       '1.1.271': '2022-09-14T02:40:45.730Z',
34 silly view       '1.1.272': '2022-09-21T02:29:21.797Z',
34 silly view       '1.1.273': '2022-09-28T00:28:06.041Z',
34 silly view       '1.1.274': '2022-10-05T04:39:55.202Z',
34 silly view       '1.1.275': '2022-10-12T05:08:51.464Z',
34 silly view       '1.1.276': '2022-10-19T03:33:29.239Z',
34 silly view       '1.1.277': '2022-10-26T03:19:37.808Z',
34 silly view       '1.1.278': '2022-11-02T04:02:25.098Z',
34 silly view       '1.1.279': '2022-11-09T01:45:48.936Z',
34 silly view       '1.1.280': '2022-11-16T03:50:49.745Z',
34 silly view       '1.1.281': '2022-11-23T04:20:20.620Z',
34 silly view       '1.1.282': '2022-11-30T05:23:39.864Z',
34 silly view       '1.1.283': '2022-12-07T07:35:55.405Z',
34 silly view       '1.1.284': '2022-12-14T01:50:38.893Z',
34 silly view       '1.1.285': '2022-12-21T08:18:41.670Z',
34 silly view       '1.1.286': '2022-12-28T05:03:58.665Z',
34 silly view       '1.1.287': '2023-01-04T06:55:41.978Z',
34 silly view       '1.1.288': '2023-01-11T04:21:37.365Z',
34 silly view       '1.1.289': '2023-01-14T06:25:57.047Z',
34 silly view       '1.1.290': '2023-01-18T02:48:09.487Z',
34 silly view       '1.1.291': '2023-01-25T02:23:36.376Z',
34 silly view       '1.1.292': '2023-02-01T02:40:07.383Z',
34 silly view       '1.1.293': '2023-02-08T05:22:28.544Z',
34 silly view       '1.1.294': '2023-02-15T05:30:17.382Z',
34 silly view       '1.1.295': '2023-02-22T08:04:39.810Z',
34 silly view       '1.1.296': '2023-02-28T08:05:13.352Z',
34 silly view       '1.1.297': '2023-03-08T01:09:46.181Z',
34 silly view       '1.1.298': '2023-03-08T16:17:32.438Z',
34 silly view       '1.1.299': '2023-03-15T06:19:38.852Z',
34 silly view       '1.1.300': '2023-03-22T04:47:43.184Z',
34 silly view       '1.1.301': '2023-03-29T02:06:40.470Z',
34 silly view       '1.1.302': '2023-04-05T04:18:11.811Z',
34 silly view       '1.1.303': '2023-04-12T03:26:39.646Z',
34 silly view       '1.1.304': '2023-04-19T04:56:47.587Z',
34 silly view       '1.1.305': '2023-04-26T04:59:47.336Z',
34 silly view       '1.1.306': '2023-05-03T02:21:54.648Z',
34 silly view       '1.1.307': '2023-05-10T05:32:07.515Z',
34 silly view       '1.1.308': '2023-05-12T03:35:48.704Z',
34 silly view       '1.1.309': '2023-05-17T03:54:47.518Z',
34 silly view       '1.1.310': '2023-05-24T00:07:09.955Z',
34 silly view       '1.1.311': '2023-05-31T02:29:07.006Z',
34 silly view       '1.1.312': '2023-06-07T00:51:09.474Z',
34 silly view       '1.1.313': '2023-06-07T16:38:07.619Z',
34 silly view       '1.1.314': '2023-06-14T03:26:14.994Z',
34 silly view       '1.1.315': '2023-06-21T01:36:10.564Z',
34 silly view       '1.1.316': '2023-06-26T07:03:56.672Z',
34 silly view       '1.1.317': '2023-07-12T12:34:56.166Z',
34 silly view       '1.1.318': '2023-07-19T03:12:20.314Z',
34 silly view       '1.1.319': '2023-07-26T03:03:24.090Z',
34 silly view       '1.1.320': '2023-08-02T02:37:58.491Z',
34 silly view       '1.1.321': '2023-08-09T02:22:42.874Z',
34 silly view       '1.1.322': '2023-08-11T16:31:49.387Z',
34 silly view       '1.1.323': '2023-08-16T03:44:56.851Z',
34 silly view       '1.1.324': '2023-08-23T00:44:17.731Z',
34 silly view       '1.1.325': '2023-08-30T02:30:05.281Z',
34 silly view       '1.1.326': '2023-09-06T01:53:45.006Z',
34 silly view       '1.1.327': '2023-09-13T01:25:12.641Z',
34 silly view       '1.1.328': '2023-09-20T00:51:38.158Z',
34 silly view       '1.1.329': '2023-09-27T00:23:07.320Z',
34 silly view       '1.1.330': '2023-10-04T02:28:07.119Z',
34 silly view       '1.1.331': '2023-10-11T01:16:16.262Z',
34 silly view       '1.1.332': '2023-10-18T01:33:46.327Z',
34 silly view       '1.1.333': '2023-10-25T03:00:40.184Z',
34 silly view       '1.1.334': '2023-11-01T03:18:08.028Z',
34 silly view       '1.1.335': '2023-11-08T02:11:45.532Z',
34 silly view       '1.1.336': '2023-11-15T03:10:01.954Z',
34 silly view       '1.1.337': '2023-11-22T03:15:01.404Z',
34 silly view       '1.1.338': '2023-11-29T06:11:55.398Z',
34 silly view       '1.1.339': '2023-12-06T03:20:25.017Z',
34 silly view       '1.1.340': '2023-12-13T01:12:27.407Z',
34 silly view       '1.1.341': '2023-12-15T19:24:54.061Z',
34 silly view       '1.1.342': '2023-12-20T08:17:02.096Z',
34 silly view       '1.1.343': '2023-12-26T04:17:35.805Z',
34 silly view       '1.1.344': '2023-12-30T00:59:05.733Z',
34 silly view       '1.1.345': '2024-01-08T03:32:09.313Z',
34 silly view       '1.1.346': '2024-01-15T00:54:43.838Z',
34 silly view       '1.1.347': '2024-01-15T17:17:52.147Z',
34 silly view       '1.1.348': '2024-01-21T17:53:18.655Z',
34 silly view       '1.1.349': '2024-01-29T07:40:17.446Z',
34 silly view       '1.1.350': '2024-02-05T16:38:42.139Z',
34 silly view       '1.1.351': '2024-02-19T22:37:14.196Z',
34 silly view       '1.1.352': '2024-02-29T00:00:44.201Z',
34 silly view       '1.1.353': '2024-03-08T04:17:07.007Z'
34 silly view     },
34 silly view     maintainers: [ [Object], [Object], [Object] ],
34 silly view     description: 'Type checker for the Python language',
34 silly view     homepage: 'https://github.com/Microsoft/pyright#readme',
34 silly view     repository: {
34 silly view       type: 'git',
34 silly view       url: 'git+https://github.com/Microsoft/pyright.git',
34 silly view       directory: 'packages/pyright'
34 silly view     },
34 silly view     author: { name: 'Microsoft Corporation' },
34 silly view     bugs: { url: 'https://github.com/Microsoft/pyright/issues' },
34 silly view     license: 'MIT',
34 silly view     readmeFilename: 'README.md',
34 silly view     _contentLength: 1250780,
34 silly view     displayName: 'Pyright',
34 silly view     version: '1.1.353',
34 silly view     publisher: 'Microsoft Corporation',
34 silly view     engines: { node: '>=14.0.0' },
34 silly view     scripts: {
34 silly view       build: 'webpack --mode production --progress',
34 silly view       clean: 'shx rm -rf ./dist ./out README.md LICENSE.txt',
34 silly view       prepack: 'npm run clean && shx cp ../../README.md . && shx cp ../../LICENSE.txt . && npm run build',
34 silly view       webpack: 'webpack --mode development --progress'
34 silly view     },
34 silly view     optionalDependencies: { fsevents: '~2.3.3' },
34 silly view     devDependencies: {
34 silly view       '@types/node': '^17.0.45',
34 silly view       'copy-webpack-plugin': '^11.0.0',
34 silly view       'esbuild-loader': '^3.2.0',
34 silly view       shx: '^0.3.4',
34 silly view       'ts-loader': '^9.5.1',
34 silly view       typescript: '~5.2',
34 silly view       webpack: '^5.90.1',
34 silly view       'webpack-cli': '^5.1.4'
34 silly view     },
34 silly view     main: 'index.js',
34 silly view     bin: {
34 silly view       pyright: 'index.js',
34 silly view       'pyright-langserver': 'langserver.index.js'
34 silly view     },
34 silly view     gitHead: '114501e336fc891b6258ae1003839cddb05da932',
34 silly view     _nodeVersion: '20.8.1',
34 silly view     _npmVersion: '10.1.0',
34 silly view     dist: {
34 silly view       integrity: 'sha512-3RHDXn9SzNlIwPRZksD8IsvoTziObbzxxR2vh8QIGZMwG+qygU7npQBdQIT//mOou8GIhHmvulKkAtHg7mFlxw==',
34 silly view       shasum: '569d2aa0979c48d1054e687a2fbe02518498a100',
34 silly view       tarball: 'https://registry.npmjs.org/pyright/-/pyright-1.1.353.tgz',
34 silly view       fileCount: 4295,
34 silly view       unpackedSize: 14909450,
34 silly view       signatures: [Array]
34 silly view     },
34 silly view     _npmUser: { name: 'erictraut', email: 'eric@traut.com' },
34 silly view     directories: {},
34 silly view     _npmOperationalInternal: {
34 silly view       host: 's3://npm-registry-packages',
34 silly view       tmp: 'tmp/pyright_1.1.353_1709871426720_0.253321359200678'
34 silly view     },
34 silly view     _hasShrinkwrap: false
34 silly view   }
34 silly view }
35 timing command:info Completed in 118ms
36 verbose exit 0
37 timing npm Completed in 130ms
38 info ok
