0 verbose cli /home/geet/.config/zed/node/node-v18.15.0-linux-x64/bin/node /home/geet/.config/zed/node/node-v18.15.0-linux-x64/bin/npm
1 info using npm@9.5.0
2 info using node@v18.15.0
3 timing npm:load:whichnode Completed in 0ms
4 timing config:load:defaults Completed in 1ms
5 timing config:load:file:/home/geet/.config/zed/node/node-v18.15.0-linux-x64/lib/node_modules/npm/npmrc Completed in 0ms
6 timing config:load:builtin Completed in 0ms
7 timing config:load:cli Completed in 1ms
8 timing config:load:env Completed in 0ms
9 timing config:load:file:/home/geet/.config/zed/languages/json-language-server/.npmrc Completed in 0ms
10 timing config:load:project Completed in 1ms
11 timing config:load:file:/home/geet/.config/zed/node/node-v18.15.0-linux-x64/blank_user_npmrc Completed in 0ms
12 timing config:load:user Completed in 0ms
13 timing config:load:file:/home/geet/.config/zed/node/node-v18.15.0-linux-x64/blank_global_npmrc Completed in 1ms
14 timing config:load:global Completed in 1ms
15 timing config:load:setEnvs Completed in 0ms
16 timing config:load Completed in 4ms
17 timing npm:load:configload Completed in 4ms
18 timing npm:load:mkdirpcache Completed in 0ms
19 timing npm:load:mkdirplogs Completed in 0ms
20 verbose title npm install vscode-json-languageserver@1.3.4
21 verbose argv "install" "--cache" "/home/geet/.config/zed/node/node-v18.15.0-linux-x64/cache" "--userconfig" "/home/geet/.config/zed/node/node-v18.15.0-linux-x64/blank_user_npmrc" "--globalconfig" "/home/geet/.config/zed/node/node-v18.15.0-linux-x64/blank_global_npmrc" "vscode-json-languageserver@1.3.4" "--fetch-retry-mintimeout" "2000" "--fetch-retry-maxtimeout" "5000" "--fetch-timeout" "5000" "--prefix" "/home/geet/.config/zed/languages/json-language-server"
22 timing npm:load:setTitle Completed in 1ms
23 timing config:load:flatten Completed in 1ms
24 timing npm:load:display Completed in 1ms
25 verbose logfile logs-max:10 dir:/home/geet/.config/zed/node/node-v18.15.0-linux-x64/cache/_logs/2024-03-12T14_51_51_113Z-
26 verbose logfile /home/geet/.config/zed/node/node-v18.15.0-linux-x64/cache/_logs/2024-03-12T14_51_51_113Z-debug-0.log
27 timing npm:load:logFile Completed in 2ms
28 timing npm:load:timers Completed in 0ms
29 timing npm:load:configScope Completed in 0ms
30 timing npm:load Completed in 8ms
31 timing config:load:flatten Completed in 1ms
32 timing arborist:ctor Completed in 0ms
33 silly logfile start cleaning logs, removing 2 files
34 timing arborist:ctor Completed in 0ms
35 silly logfile done cleaning log files
36 timing idealTree:init Completed in 4ms
37 timing idealTree:userRequests Completed in 2ms
38 silly idealTree buildDeps
39 silly fetch manifest vscode-json-languageserver@1.3.4
40 http fetch GET 200 https://registry.npmjs.org/vscode-json-languageserver 837ms (cache miss)
41 silly placeDep ROOT vscode-json-languageserver@1.3.4 OK for:  want: 1.3.4
42 silly fetch manifest jsonc-parser@^3.0.0
43 silly fetch manifest request-light@^0.4.0
44 silly fetch manifest vscode-json-languageservice@^4.0.2
45 silly fetch manifest vscode-languageserver@^7.0.0
46 silly fetch manifest vscode-uri@^3.0.2
47 http fetch GET 200 https://registry.npmjs.org/jsonc-parser 63ms (cache miss)
48 http fetch GET 200 https://registry.npmjs.org/request-light 66ms (cache miss)
49 http fetch GET 200 https://registry.npmjs.org/vscode-uri 66ms (cache miss)
50 http fetch GET 200 https://registry.npmjs.org/vscode-json-languageservice 71ms (cache miss)
51 http fetch GET 200 https://registry.npmjs.org/vscode-languageserver 91ms (cache miss)
52 timing idealTree:#root Completed in 940ms
53 silly placeDep ROOT jsonc-parser@3.2.1 OK for: vscode-json-languageserver@1.3.4 want: ^3.0.0
54 silly placeDep ROOT request-light@0.4.0 OK for: vscode-json-languageserver@1.3.4 want: ^0.4.0
55 silly placeDep ROOT vscode-json-languageservice@4.2.1 OK for: vscode-json-languageserver@1.3.4 want: ^4.0.2
56 silly placeDep ROOT vscode-languageserver@7.0.0 OK for: vscode-json-languageserver@1.3.4 want: ^7.0.0
57 silly placeDep ROOT vscode-uri@3.0.8 OK for: vscode-json-languageserver@1.3.4 want: ^3.0.2
58 silly fetch manifest http-proxy-agent@^2.1.0
59 silly fetch manifest https-proxy-agent@^2.2.4
60 silly fetch manifest vscode-nls@^4.1.2
61 silly fetch manifest vscode-languageserver-textdocument@^1.0.3
62 silly fetch manifest vscode-languageserver-types@^3.16.0
63 silly fetch manifest vscode-nls@^5.0.0
64 silly fetch manifest vscode-languageserver-protocol@3.16.0
65 http fetch GET 200 https://registry.npmjs.org/http-proxy-agent 39ms (cache miss)
66 http fetch GET 200 https://registry.npmjs.org/https-proxy-agent 43ms (cache miss)
67 http fetch GET 200 https://registry.npmjs.org/vscode-languageserver-textdocument 46ms (cache miss)
68 http fetch GET 200 https://registry.npmjs.org/vscode-nls 48ms (cache miss)
69 http fetch GET 200 https://registry.npmjs.org/vscode-languageserver-types 51ms (cache miss)
70 http fetch GET 200 https://registry.npmjs.org/vscode-nls 55ms (cache miss)
71 http fetch GET 200 https://registry.npmjs.org/vscode-languageserver-protocol 69ms (cache miss)
72 timing idealTree:node_modules/vscode-json-languageserver Completed in 78ms
73 timing idealTree:node_modules/jsonc-parser Completed in 0ms
74 silly placeDep ROOT http-proxy-agent@2.1.0 OK for: request-light@0.4.0 want: ^2.1.0
75 silly placeDep ROOT https-proxy-agent@2.2.4 OK for: request-light@0.4.0 want: ^2.2.4
76 silly placeDep ROOT vscode-nls@4.1.2 OK for: request-light@0.4.0 want: ^4.1.2
77 silly fetch manifest agent-base@4
78 silly fetch manifest debug@3.1.0
79 silly fetch manifest agent-base@^4.3.0
80 silly fetch manifest debug@^3.1.0
81 http fetch GET 200 https://registry.npmjs.org/agent-base 44ms (cache miss)
82 http fetch GET 200 https://registry.npmjs.org/debug 44ms (cache miss)
83 http fetch GET 200 https://registry.npmjs.org/debug 45ms (cache miss)
84 http fetch GET 200 https://registry.npmjs.org/agent-base 50ms (cache miss)
85 timing idealTree:node_modules/request-light Completed in 55ms
86 silly placeDep ROOT agent-base@4.3.0 OK for: http-proxy-agent@2.1.0 want: 4
87 silly placeDep ROOT debug@3.1.0 OK for: http-proxy-agent@2.1.0 want: 3.1.0
88 silly fetch manifest es6-promisify@^5.0.0
89 silly fetch manifest ms@2.0.0
90 http fetch GET 200 https://registry.npmjs.org/ms 47ms (cache miss)
91 http fetch GET 200 https://registry.npmjs.org/es6-promisify 49ms (cache miss)
92 timing idealTree:node_modules/http-proxy-agent Completed in 51ms
93 silly placeDep ROOT es6-promisify@5.0.0 OK for: agent-base@4.3.0 want: ^5.0.0
94 silly fetch manifest es6-promise@^4.0.3
95 http fetch GET 200 https://registry.npmjs.org/es6-promise 41ms (cache miss)
96 timing idealTree:node_modules/agent-base Completed in 47ms
97 silly placeDep ROOT ms@2.0.0 OK for: debug@3.1.0 want: 2.0.0
98 timing idealTree:node_modules/debug Completed in 2ms
99 silly placeDep ROOT es6-promise@4.2.8 OK for: es6-promisify@5.0.0 want: ^4.0.3
100 timing idealTree:node_modules/es6-promisify Completed in 2ms
101 timing idealTree:node_modules/es6-promise Completed in 0ms
102 timing idealTree:node_modules/https-proxy-agent Completed in 1ms
103 timing idealTree:node_modules/ms Completed in 0ms
104 silly placeDep ROOT vscode-languageserver-textdocument@1.0.11 OK for: vscode-json-languageservice@4.2.1 want: ^1.0.3
105 silly placeDep ROOT vscode-languageserver-types@3.17.5 OK for: vscode-json-languageservice@4.2.1 want: ^3.16.0
106 silly placeDep node_modules/vscode-json-languageservice vscode-nls@5.2.0 OK for: vscode-json-languageservice@4.2.1 want: ^5.0.0
107 timing idealTree:node_modules/vscode-json-languageservice Completed in 6ms
108 silly placeDep ROOT vscode-languageserver-protocol@3.16.0 OK for: vscode-languageserver@7.0.0 want: 3.16.0
109 silly fetch manifest vscode-jsonrpc@6.0.0
110 silly fetch manifest vscode-languageserver-types@3.16.0
111 http fetch GET 200 https://registry.npmjs.org/vscode-jsonrpc 45ms (cache miss)
112 timing idealTree:node_modules/vscode-languageserver Completed in 49ms
113 silly placeDep ROOT vscode-jsonrpc@6.0.0 OK for: vscode-languageserver-protocol@3.16.0 want: 6.0.0
114 silly placeDep node_modules/vscode-languageserver-protocol vscode-languageserver-types@3.16.0 OK for: vscode-languageserver-protocol@3.16.0 want: 3.16.0
115 timing idealTree:node_modules/vscode-languageserver-protocol Completed in 4ms
116 timing idealTree:node_modules/vscode-jsonrpc Completed in 0ms
117 timing idealTree:node_modules/vscode-languageserver-textdocument Completed in 0ms
118 timing idealTree:node_modules/vscode-languageserver-types Completed in 0ms
119 timing idealTree:node_modules/vscode-nls Completed in 0ms
120 timing idealTree:node_modules/vscode-uri Completed in 0ms
121 timing idealTree:node_modules/vscode-json-languageservice/node_modules/vscode-nls Completed in 0ms
122 timing idealTree:node_modules/vscode-languageserver-protocol/node_modules/vscode-languageserver-types Completed in 0ms
123 timing idealTree:buildDeps Completed in 1237ms
124 timing idealTree:fixDepFlags Completed in 0ms
125 timing idealTree Completed in 1245ms
126 timing reify:loadTrees Completed in 1245ms
127 timing reify:diffTrees Completed in 2ms
128 silly reify moves {}
129 timing reify:retireShallow Completed in 1ms
130 timing reify:createSparse Completed in 2ms
131 timing reify:loadBundles Completed in 0ms
132 silly tarball no local data for vscode-jsonrpc@https://registry.npmjs.org/vscode-jsonrpc/-/vscode-jsonrpc-6.0.0.tgz. Extracting by manifest.
133 silly tarball no local data for es6-promise@https://registry.npmjs.org/es6-promise/-/es6-promise-4.2.8.tgz. Extracting by manifest.
134 silly tarball no local data for vscode-languageserver-protocol@https://registry.npmjs.org/vscode-languageserver-protocol/-/vscode-languageserver-protocol-3.16.0.tgz. Extracting by manifest.
135 silly tarball no local data for ms@https://registry.npmjs.org/ms/-/ms-2.0.0.tgz. Extracting by manifest.
136 silly tarball no local data for vscode-languageserver-types@https://registry.npmjs.org/vscode-languageserver-types/-/vscode-languageserver-types-3.17.5.tgz. Extracting by manifest.
137 silly tarball no local data for es6-promisify@https://registry.npmjs.org/es6-promisify/-/es6-promisify-5.0.0.tgz. Extracting by manifest.
138 silly tarball no local data for vscode-languageserver-textdocument@https://registry.npmjs.org/vscode-languageserver-textdocument/-/vscode-languageserver-textdocument-1.0.11.tgz. Extracting by manifest.
139 silly tarball no local data for debug@https://registry.npmjs.org/debug/-/debug-3.1.0.tgz. Extracting by manifest.
140 silly tarball no local data for agent-base@https://registry.npmjs.org/agent-base/-/agent-base-4.3.0.tgz. Extracting by manifest.
141 silly tarball no local data for vscode-nls@https://registry.npmjs.org/vscode-nls/-/vscode-nls-4.1.2.tgz. Extracting by manifest.
142 silly tarball no local data for https-proxy-agent@https://registry.npmjs.org/https-proxy-agent/-/https-proxy-agent-2.2.4.tgz. Extracting by manifest.
143 silly tarball no local data for http-proxy-agent@https://registry.npmjs.org/http-proxy-agent/-/http-proxy-agent-2.1.0.tgz. Extracting by manifest.
144 silly tarball no local data for vscode-uri@https://registry.npmjs.org/vscode-uri/-/vscode-uri-3.0.8.tgz. Extracting by manifest.
145 silly tarball no local data for vscode-json-languageservice@https://registry.npmjs.org/vscode-json-languageservice/-/vscode-json-languageservice-4.2.1.tgz. Extracting by manifest.
146 silly tarball no local data for vscode-languageserver@https://registry.npmjs.org/vscode-languageserver/-/vscode-languageserver-7.0.0.tgz. Extracting by manifest.
147 silly tarball no local data for jsonc-parser@https://registry.npmjs.org/jsonc-parser/-/jsonc-parser-3.2.1.tgz. Extracting by manifest.
148 silly tarball no local data for request-light@https://registry.npmjs.org/request-light/-/request-light-0.4.0.tgz. Extracting by manifest.
149 silly tarball no local data for vscode-json-languageserver@https://registry.npmjs.org/vscode-json-languageserver/-/vscode-json-languageserver-1.3.4.tgz. Extracting by manifest.
150 silly tarball no local data for vscode-languageserver-types@https://registry.npmjs.org/vscode-languageserver-types/-/vscode-languageserver-types-3.16.0.tgz. Extracting by manifest.
151 silly tarball no local data for vscode-nls@https://registry.npmjs.org/vscode-nls/-/vscode-nls-5.2.0.tgz. Extracting by manifest.
152 http fetch GET 200 https://registry.npmjs.org/ms/-/ms-2.0.0.tgz 59ms (cache miss)
153 timing reifyNode:node_modules/ms Completed in 75ms
154 http fetch GET 200 https://registry.npmjs.org/es6-promisify/-/es6-promisify-5.0.0.tgz 58ms (cache miss)
155 timing reifyNode:node_modules/es6-promisify Completed in 75ms
156 http fetch GET 200 https://registry.npmjs.org/vscode-languageserver-textdocument/-/vscode-languageserver-textdocument-1.0.11.tgz 58ms (cache miss)
157 timing reifyNode:node_modules/vscode-languageserver-textdocument Completed in 76ms
158 http fetch GET 200 https://registry.npmjs.org/vscode-languageserver-types/-/vscode-languageserver-types-3.17.5.tgz 70ms (cache miss)
159 timing reifyNode:node_modules/vscode-languageserver-types Completed in 88ms
160 http fetch GET 200 https://registry.npmjs.org/es6-promise/-/es6-promise-4.2.8.tgz 76ms (cache miss)
161 timing reifyNode:node_modules/es6-promise Completed in 92ms
162 http fetch GET 200 https://registry.npmjs.org/vscode-nls/-/vscode-nls-4.1.2.tgz 72ms (cache miss)
163 timing reifyNode:node_modules/vscode-nls Completed in 92ms
164 http fetch GET 200 https://registry.npmjs.org/vscode-jsonrpc/-/vscode-jsonrpc-6.0.0.tgz 80ms (cache miss)
165 timing reifyNode:node_modules/vscode-jsonrpc Completed in 94ms
166 http fetch GET 200 https://registry.npmjs.org/https-proxy-agent/-/https-proxy-agent-2.2.4.tgz 79ms (cache miss)
167 timing reifyNode:node_modules/https-proxy-agent Completed in 100ms
168 http fetch GET 200 https://registry.npmjs.org/http-proxy-agent/-/http-proxy-agent-2.1.0.tgz 84ms (cache miss)
169 timing reifyNode:node_modules/http-proxy-agent Completed in 105ms
170 http fetch GET 200 https://registry.npmjs.org/debug/-/debug-3.1.0.tgz 89ms (cache miss)
171 timing reifyNode:node_modules/debug Completed in 107ms
172 http fetch GET 200 https://registry.npmjs.org/agent-base/-/agent-base-4.3.0.tgz 89ms (cache miss)
173 timing reifyNode:node_modules/agent-base Completed in 108ms
174 http fetch GET 200 https://registry.npmjs.org/vscode-uri/-/vscode-uri-3.0.8.tgz 87ms (cache miss)
175 timing reifyNode:node_modules/vscode-uri Completed in 108ms
176 http fetch GET 200 https://registry.npmjs.org/vscode-json-languageserver/-/vscode-json-languageserver-1.3.4.tgz 87ms (cache miss)
177 http fetch GET 200 https://registry.npmjs.org/vscode-languageserver-types/-/vscode-languageserver-types-3.16.0.tgz 88ms (cache miss)
178 timing reifyNode:node_modules/vscode-languageserver-protocol/node_modules/vscode-languageserver-types Completed in 112ms
179 timing reifyNode:node_modules/vscode-json-languageserver Completed in 113ms
180 http fetch GET 200 https://registry.npmjs.org/request-light/-/request-light-0.4.0.tgz 91ms (cache miss)
181 http fetch GET 200 https://registry.npmjs.org/vscode-languageserver-protocol/-/vscode-languageserver-protocol-3.16.0.tgz 99ms (cache miss)
182 timing reifyNode:node_modules/request-light Completed in 113ms
183 timing reifyNode:node_modules/vscode-languageserver-protocol Completed in 115ms
184 http fetch GET 200 https://registry.npmjs.org/jsonc-parser/-/jsonc-parser-3.2.1.tgz 96ms (cache miss)
185 timing reifyNode:node_modules/jsonc-parser Completed in 118ms
186 http fetch GET 200 https://registry.npmjs.org/vscode-languageserver/-/vscode-languageserver-7.0.0.tgz 97ms (cache miss)
187 timing reifyNode:node_modules/vscode-languageserver Completed in 118ms
188 http fetch GET 200 https://registry.npmjs.org/vscode-nls/-/vscode-nls-5.2.0.tgz 96ms (cache miss)
189 timing reifyNode:node_modules/vscode-json-languageservice/node_modules/vscode-nls Completed in 119ms
190 http fetch GET 200 https://registry.npmjs.org/vscode-json-languageservice/-/vscode-json-languageservice-4.2.1.tgz 99ms (cache miss)
191 timing reifyNode:node_modules/vscode-json-languageservice Completed in 120ms
192 timing reify:unpack Completed in 121ms
193 timing reify:unretire Completed in 0ms
194 timing build:queue Completed in 0ms
195 timing build:link:node_modules/vscode-json-languageserver Completed in 1ms
196 timing build:link:node_modules/vscode-languageserver Completed in 1ms
197 timing build:link Completed in 1ms
198 timing build:deps Completed in 1ms
199 timing build Completed in 1ms
200 timing reify:build Completed in 1ms
201 timing reify:trash Completed in 0ms
202 timing reify:save Completed in 3ms
203 timing reify Completed in 1380ms
204 silly ADD node_modules/vscode-jsonrpc
205 silly ADD node_modules/vscode-languageserver-protocol
206 silly ADD node_modules/vscode-languageserver-protocol/node_modules/vscode-languageserver-types
207 silly ADD node_modules/vscode-languageserver-types
208 silly ADD node_modules/vscode-languageserver-textdocument
209 silly ADD node_modules/es6-promise
210 silly ADD node_modules/ms
211 silly ADD node_modules/es6-promisify
212 silly ADD node_modules/debug
213 silly ADD node_modules/agent-base
214 silly ADD node_modules/vscode-nls
215 silly ADD node_modules/https-proxy-agent
216 silly ADD node_modules/http-proxy-agent
217 silly ADD node_modules/vscode-uri
218 silly ADD node_modules/vscode-languageserver
219 silly ADD node_modules/vscode-json-languageservice
220 silly ADD node_modules/vscode-json-languageservice/node_modules/vscode-nls
221 silly ADD node_modules/request-light
222 silly ADD node_modules/jsonc-parser
223 silly ADD node_modules/vscode-json-languageserver
224 timing command:install Completed in 1381ms
225 verbose exit 0
226 timing npm Completed in 1393ms
227 info ok
